mode: set
github.com/azrod/kivigo/backend/local/local.go:34.26,36.2 1 1
github.com/azrod/kivigo/backend/local/local.go:38.30,43.2 1 1
github.com/azrod/kivigo/backend/local/local.go:45.38,46.38 1 1
github.com/azrod/kivigo/backend/local/local.go:46.38,48.3 1 1
github.com/azrod/kivigo/backend/local/local.go:50.2,51.16 2 1
github.com/azrod/kivigo/backend/local/local.go:51.16,53.3 1 0
github.com/azrod/kivigo/backend/local/local.go:55.2,55.47 1 1
github.com/azrod/kivigo/backend/local/local.go:55.47,57.17 2 1
github.com/azrod/kivigo/backend/local/local.go:57.17,59.4 1 0
github.com/azrod/kivigo/backend/local/local.go:61.3,61.13 1 1
github.com/azrod/kivigo/backend/local/local.go:62.17,64.3 1 0
github.com/azrod/kivigo/backend/local/local.go:66.2,66.27 1 1
github.com/azrod/kivigo/backend/local/local.go:69.31,71.2 1 1
github.com/azrod/kivigo/backend/local/local.go:74.71,77.50 2 1
github.com/azrod/kivigo/backend/local/local.go:77.50,79.15 2 1
github.com/azrod/kivigo/backend/local/local.go:79.15,81.4 1 0
github.com/azrod/kivigo/backend/local/local.go:83.3,84.19 2 1
github.com/azrod/kivigo/backend/local/local.go:84.19,86.4 1 1
github.com/azrod/kivigo/backend/local/local.go:88.3,88.13 1 1
github.com/azrod/kivigo/backend/local/local.go:93.75,94.45 1 1
github.com/azrod/kivigo/backend/local/local.go:94.45,96.16 1 1
github.com/azrod/kivigo/backend/local/local.go:96.16,98.4 1 1
github.com/azrod/kivigo/backend/local/local.go:100.3,101.15 2 1
github.com/azrod/kivigo/backend/local/local.go:101.15,103.4 1 0
github.com/azrod/kivigo/backend/local/local.go:105.3,105.35 1 1
github.com/azrod/kivigo/backend/local/local.go:110.61,112.15 1 1
github.com/azrod/kivigo/backend/local/local.go:112.15,114.3 1 1
github.com/azrod/kivigo/backend/local/local.go:116.2,116.45 1 1
github.com/azrod/kivigo/backend/local/local.go:116.45,118.15 2 1
github.com/azrod/kivigo/backend/local/local.go:118.15,120.4 1 0
github.com/azrod/kivigo/backend/local/local.go:122.3,122.31 1 1
github.com/azrod/kivigo/backend/local/local.go:127.83,128.49 1 1
github.com/azrod/kivigo/backend/local/local.go:128.49,130.15 2 1
github.com/azrod/kivigo/backend/local/local.go:130.15,132.4 1 0
github.com/azrod/kivigo/backend/local/local.go:134.3,136.105 2 1
github.com/azrod/kivigo/backend/local/local.go:136.105,138.4 1 1
github.com/azrod/kivigo/backend/local/local.go:140.3,140.13 1 1
github.com/azrod/kivigo/backend/local/local.go:144.49,145.16 1 1
github.com/azrod/kivigo/backend/local/local.go:145.16,147.3 1 1
github.com/azrod/kivigo/backend/local/local.go:149.2,149.43 1 1
github.com/azrod/kivigo/backend/local/local.go:149.43,151.15 2 1
github.com/azrod/kivigo/backend/local/local.go:151.15,153.4 1 0
github.com/azrod/kivigo/backend/local/local.go:155.3,155.13 1 1
github.com/azrod/kivigo/backend/local/local.go:160.90,163.43 2 1
github.com/azrod/kivigo/backend/local/local.go:163.43,165.15 2 1
github.com/azrod/kivigo/backend/local/local.go:165.15,167.4 1 0
github.com/azrod/kivigo/backend/local/local.go:169.3,169.28 1 1
github.com/azrod/kivigo/backend/local/local.go:169.28,171.4 1 1
github.com/azrod/kivigo/backend/local/local.go:173.3,173.13 1 1
github.com/azrod/kivigo/backend/local/local.go:175.2,175.16 1 1
github.com/azrod/kivigo/backend/local/local.go:175.16,177.3 1 0
github.com/azrod/kivigo/backend/local/local.go:179.2,179.21 1 1
github.com/azrod/kivigo/backend/local/local.go:183.76,184.45 1 1
github.com/azrod/kivigo/backend/local/local.go:184.45,186.15 2 1
github.com/azrod/kivigo/backend/local/local.go:186.15,188.4 1 0
github.com/azrod/kivigo/backend/local/local.go:190.3,190.30 1 1
github.com/azrod/kivigo/backend/local/local.go:190.30,191.52 1 1
github.com/azrod/kivigo/backend/local/local.go:191.52,193.5 1 0
github.com/azrod/kivigo/backend/local/local.go:196.3,196.13 1 1
github.com/azrod/kivigo/backend/local/local.go:201.69,202.45 1 1
github.com/azrod/kivigo/backend/local/local.go:202.45,204.15 2 1
github.com/azrod/kivigo/backend/local/local.go:204.15,206.4 1 0
github.com/azrod/kivigo/backend/local/local.go:208.3,208.28 1 1
github.com/azrod/kivigo/backend/local/local.go:208.28,209.48 1 1
github.com/azrod/kivigo/backend/local/local.go:209.48,211.5 1 0
github.com/azrod/kivigo/backend/local/local.go:214.3,214.13 1 1
